<?xml version="1.0" encoding="UTF-8"?>
<!-- Generated by org.testng.reporters.JUnitReportReporter -->
<testsuite skipped="0" hostname="DESKTOP-6QUM1LC" name="com.crm.qa.testcases.LoginPageTestCase" tests="3" failures="0" timestamp="07 May 2019 19:54:05 GMT" time="206.558" errors="0">
  <testcase name="crmImage" time="83.787" classname="com.crm.qa.testcases.LoginPageTestCase"/>
  <testcase name="loginPageTitle" time="98.344" classname="com.crm.qa.testcases.LoginPageTestCase"/>
  <testcase name="loginTest" time="24.427" classname="com.crm.qa.testcases.LoginPageTestCase"/>
</testsuite> <!-- com.crm.qa.testcases.LoginPageTestCase -->
